  Renderer.cpp
C:\Program Files\Microsoft Visual Studio\2022\Enterprise\VC\Tools\MSVC\14.35.32215\include\optional(12): warning STL4038: The contents of <optional> are available only with C++17 or later.
C:\Private projects\VulkanRasterizer\VulkanRasterizer\source\VulkanRenderer\Structs.h(10,7): error C2039: 'optional': is not a member of 'std'
C:\Program Files\Microsoft Visual Studio\2022\Enterprise\VC\Tools\MSVC\14.35.32215\include\array(20,1): message : see declaration of 'std'
C:\Private projects\VulkanRasterizer\VulkanRasterizer\source\VulkanRenderer\Structs.h(10,15): error C2143: syntax error: missing ';' before '<'
C:\Private projects\VulkanRasterizer\VulkanRasterizer\source\VulkanRenderer\Structs.h(10,15): error C4430: missing type specifier - int assumed. Note: C++ does not support default-int
C:\Private projects\VulkanRasterizer\VulkanRasterizer\source\VulkanRenderer\Structs.h(10,40): error C2238: unexpected token(s) preceding ';'
C:\Private projects\VulkanRasterizer\VulkanRasterizer\source\VulkanRenderer\Structs.h(11,7): error C2039: 'optional': is not a member of 'std'
C:\Program Files\Microsoft Visual Studio\2022\Enterprise\VC\Tools\MSVC\14.35.32215\include\array(20,1): message : see declaration of 'std'
C:\Private projects\VulkanRasterizer\VulkanRasterizer\source\VulkanRenderer\Structs.h(11,15): error C2143: syntax error: missing ';' before '<'
C:\Private projects\VulkanRasterizer\VulkanRasterizer\source\VulkanRenderer\Structs.h(11,15): error C4430: missing type specifier - int assumed. Note: C++ does not support default-int
C:\Private projects\VulkanRasterizer\VulkanRasterizer\source\VulkanRenderer\Structs.h(11,39): error C2238: unexpected token(s) preceding ';'
C:\Private projects\VulkanRasterizer\VulkanRasterizer\source\VulkanRenderer\Structs.h(15,10): error C2065: 'graphicsFamily': undeclared identifier
C:\Private projects\VulkanRasterizer\VulkanRasterizer\source\VulkanRenderer\Structs.h(15,40): error C2065: 'presentFamily': undeclared identifier
C:\Private projects\VulkanRasterizer\VulkanRasterizer\source\VulkanRenderer\Renderer.cpp(164,29): warning C4127: conditional expression is constant
C:\Private projects\VulkanRasterizer\VulkanRasterizer\source\VulkanRenderer\Renderer.cpp(320,12): error C2039: 'graphicsFamily': is not a member of 'QueueFamilyIndices'
C:\Private projects\VulkanRasterizer\VulkanRasterizer\source\VulkanRenderer\Structs.h(8,8): message : see declaration of 'QueueFamilyIndices'
C:\Private projects\VulkanRasterizer\VulkanRasterizer\source\VulkanRenderer\Renderer.cpp(328,12): error C2039: 'presentFamily': is not a member of 'QueueFamilyIndices'
C:\Private projects\VulkanRasterizer\VulkanRasterizer\source\VulkanRenderer\Structs.h(8,8): message : see declaration of 'QueueFamilyIndices'
C:\Private projects\VulkanRasterizer\VulkanRasterizer\source\VulkanRenderer\Renderer.cpp(345,53): error C2039: 'graphicsFamily': is not a member of 'QueueFamilyIndices'
C:\Private projects\VulkanRasterizer\VulkanRasterizer\source\VulkanRenderer\Structs.h(8,8): message : see declaration of 'QueueFamilyIndices'
C:\Private projects\VulkanRasterizer\VulkanRasterizer\source\VulkanRenderer\Renderer.cpp(345,85): error C2039: 'presentFamily': is not a member of 'QueueFamilyIndices'
C:\Private projects\VulkanRasterizer\VulkanRasterizer\source\VulkanRenderer\Structs.h(8,8): message : see declaration of 'QueueFamilyIndices'
C:\Private projects\VulkanRasterizer\VulkanRasterizer\source\VulkanRenderer\Renderer.cpp(387,37): error C2039: 'graphicsFamily': is not a member of 'QueueFamilyIndices'
C:\Private projects\VulkanRasterizer\VulkanRasterizer\source\VulkanRenderer\Structs.h(8,8): message : see declaration of 'QueueFamilyIndices'
C:\Private projects\VulkanRasterizer\VulkanRasterizer\source\VulkanRenderer\Renderer.cpp(387,2): error C2660: 'vkGetDeviceQueue': function does not take 3 arguments
C:\Private projects\VulkanRasterizer\VulkanRasterizer\source\3rdParty\Vulkan\Include\vulkan\vulkan_core.h(4035,28): message : see declaration of 'vkGetDeviceQueue'
C:\Private projects\VulkanRasterizer\VulkanRasterizer\source\VulkanRenderer\Renderer.cpp(387,2): message : while trying to match the argument list '(VkDevice, int, VkQueue *)'
C:\Private projects\VulkanRasterizer\VulkanRasterizer\source\VulkanRenderer\Renderer.cpp(388,37): error C2039: 'presentFamily': is not a member of 'QueueFamilyIndices'
C:\Private projects\VulkanRasterizer\VulkanRasterizer\source\VulkanRenderer\Structs.h(8,8): message : see declaration of 'QueueFamilyIndices'
C:\Private projects\VulkanRasterizer\VulkanRasterizer\source\VulkanRenderer\Renderer.cpp(388,2): error C2660: 'vkGetDeviceQueue': function does not take 3 arguments
C:\Private projects\VulkanRasterizer\VulkanRasterizer\source\3rdParty\Vulkan\Include\vulkan\vulkan_core.h(4035,28): message : see declaration of 'vkGetDeviceQueue'
C:\Private projects\VulkanRasterizer\VulkanRasterizer\source\VulkanRenderer\Renderer.cpp(388,2): message : while trying to match the argument list '(VkDevice, int, VkQueue *)'
C:\Private projects\VulkanRasterizer\VulkanRasterizer\source\VulkanRenderer\Renderer.cpp(418,44): error C2039: 'graphicsFamily': is not a member of 'QueueFamilyIndices'
C:\Private projects\VulkanRasterizer\VulkanRasterizer\source\VulkanRenderer\Structs.h(8,8): message : see declaration of 'QueueFamilyIndices'
C:\Private projects\VulkanRasterizer\VulkanRasterizer\source\VulkanRenderer\Renderer.cpp(418,76): error C2039: 'presentFamily': is not a member of 'QueueFamilyIndices'
C:\Private projects\VulkanRasterizer\VulkanRasterizer\source\VulkanRenderer\Structs.h(8,8): message : see declaration of 'QueueFamilyIndices'
C:\Private projects\VulkanRasterizer\VulkanRasterizer\source\VulkanRenderer\Renderer.cpp(418,11): error C2466: cannot allocate an array of constant size 0
C:\Private projects\VulkanRasterizer\VulkanRasterizer\source\VulkanRenderer\Renderer.cpp(420,14): error C2039: 'graphicsFamily': is not a member of 'QueueFamilyIndices'
C:\Private projects\VulkanRasterizer\VulkanRasterizer\source\VulkanRenderer\Structs.h(8,8): message : see declaration of 'QueueFamilyIndices'
C:\Private projects\VulkanRasterizer\VulkanRasterizer\source\VulkanRenderer\Renderer.cpp(420,40): error C2039: 'presentFamily': is not a member of 'QueueFamilyIndices'
C:\Private projects\VulkanRasterizer\VulkanRasterizer\source\VulkanRenderer\Structs.h(8,8): message : see declaration of 'QueueFamilyIndices'
C:\Private projects\VulkanRasterizer\VulkanRasterizer\source\VulkanRenderer\Renderer.cpp(537,29): error C2039: 'clamp': is not a member of 'std'
C:\Program Files\Microsoft Visual Studio\2022\Enterprise\VC\Tools\MSVC\14.35.32215\include\fstream(26,1): message : see declaration of 'std'
C:\Private projects\VulkanRasterizer\VulkanRasterizer\source\VulkanRenderer\Renderer.cpp(537,34): error C3861: 'clamp': identifier not found
C:\Private projects\VulkanRasterizer\VulkanRasterizer\source\VulkanRenderer\Renderer.cpp(538,30): error C2039: 'clamp': is not a member of 'std'
C:\Program Files\Microsoft Visual Studio\2022\Enterprise\VC\Tools\MSVC\14.35.32215\include\fstream(26,1): message : see declaration of 'std'
C:\Private projects\VulkanRasterizer\VulkanRasterizer\source\VulkanRenderer\Renderer.cpp(538,35): error C3861: 'clamp': identifier not found
C:\Private projects\VulkanRasterizer\VulkanRasterizer\source\VulkanRenderer\Renderer.cpp(825,49): error C2039: 'graphicsFamily': is not a member of 'QueueFamilyIndices'
C:\Private projects\VulkanRasterizer\VulkanRasterizer\source\VulkanRenderer\Structs.h(8,8): message : see declaration of 'QueueFamilyIndices'
  main.cpp
C:\Program Files\Microsoft Visual Studio\2022\Enterprise\VC\Tools\MSVC\14.35.32215\include\optional(12): warning STL4038: The contents of <optional> are available only with C++17 or later.
C:\Private projects\VulkanRasterizer\VulkanRasterizer\source\VulkanRenderer\Structs.h(10,7): error C2039: 'optional': is not a member of 'std'
C:\Program Files\Microsoft Visual Studio\2022\Enterprise\VC\Tools\MSVC\14.35.32215\include\array(20,1): message : see declaration of 'std'
C:\Private projects\VulkanRasterizer\VulkanRasterizer\source\VulkanRenderer\Structs.h(10,15): error C2143: syntax error: missing ';' before '<'
C:\Private projects\VulkanRasterizer\VulkanRasterizer\source\VulkanRenderer\Structs.h(10,15): error C4430: missing type specifier - int assumed. Note: C++ does not support default-int
C:\Private projects\VulkanRasterizer\VulkanRasterizer\source\VulkanRenderer\Structs.h(10,40): error C2238: unexpected token(s) preceding ';'
C:\Private projects\VulkanRasterizer\VulkanRasterizer\source\VulkanRenderer\Structs.h(11,7): error C2039: 'optional': is not a member of 'std'
C:\Program Files\Microsoft Visual Studio\2022\Enterprise\VC\Tools\MSVC\14.35.32215\include\array(20,1): message : see declaration of 'std'
C:\Private projects\VulkanRasterizer\VulkanRasterizer\source\VulkanRenderer\Structs.h(11,15): error C2143: syntax error: missing ';' before '<'
C:\Private projects\VulkanRasterizer\VulkanRasterizer\source\VulkanRenderer\Structs.h(11,15): error C4430: missing type specifier - int assumed. Note: C++ does not support default-int
C:\Private projects\VulkanRasterizer\VulkanRasterizer\source\VulkanRenderer\Structs.h(11,39): error C2238: unexpected token(s) preceding ';'
C:\Private projects\VulkanRasterizer\VulkanRasterizer\source\VulkanRenderer\Structs.h(15,10): error C2065: 'graphicsFamily': undeclared identifier
C:\Private projects\VulkanRasterizer\VulkanRasterizer\source\VulkanRenderer\Structs.h(15,40): error C2065: 'presentFamily': undeclared identifier
  Utils.cpp
C:\Program Files\Microsoft Visual Studio\2022\Enterprise\VC\Tools\MSVC\14.35.32215\include\optional(12): warning STL4038: The contents of <optional> are available only with C++17 or later.
C:\Private projects\VulkanRasterizer\VulkanRasterizer\source\VulkanRenderer\Structs.h(10,7): error C2039: 'optional': is not a member of 'std'
C:\Program Files\Microsoft Visual Studio\2022\Enterprise\VC\Tools\MSVC\14.35.32215\include\array(20,1): message : see declaration of 'std'
C:\Private projects\VulkanRasterizer\VulkanRasterizer\source\VulkanRenderer\Structs.h(10,15): error C2143: syntax error: missing ';' before '<'
C:\Private projects\VulkanRasterizer\VulkanRasterizer\source\VulkanRenderer\Structs.h(10,15): error C4430: missing type specifier - int assumed. Note: C++ does not support default-int
C:\Private projects\VulkanRasterizer\VulkanRasterizer\source\VulkanRenderer\Structs.h(10,40): error C2238: unexpected token(s) preceding ';'
C:\Private projects\VulkanRasterizer\VulkanRasterizer\source\VulkanRenderer\Structs.h(11,7): error C2039: 'optional': is not a member of 'std'
C:\Program Files\Microsoft Visual Studio\2022\Enterprise\VC\Tools\MSVC\14.35.32215\include\array(20,1): message : see declaration of 'std'
C:\Private projects\VulkanRasterizer\VulkanRasterizer\source\VulkanRenderer\Structs.h(11,15): error C2143: syntax error: missing ';' before '<'
C:\Private projects\VulkanRasterizer\VulkanRasterizer\source\VulkanRenderer\Structs.h(11,15): error C4430: missing type specifier - int assumed. Note: C++ does not support default-int
C:\Private projects\VulkanRasterizer\VulkanRasterizer\source\VulkanRenderer\Structs.h(11,39): error C2238: unexpected token(s) preceding ';'
C:\Private projects\VulkanRasterizer\VulkanRasterizer\source\VulkanRenderer\Structs.h(15,10): error C2065: 'graphicsFamily': undeclared identifier
C:\Private projects\VulkanRasterizer\VulkanRasterizer\source\VulkanRenderer\Structs.h(15,40): error C2065: 'presentFamily': undeclared identifier
